<?xml version="1.0" encoding="UTF-8"?>
<!-- Generated by org.testng.reporters.JUnitReportReporter -->
<testsuite hostname="DESKTOP-T88O8S2" failures="0" tests="1" name="com.iNetBanking.testCases.TC_AddCustomer_003" time="49.686" errors="0" timestamp="2022-07-27T18:43:45 IST" skipped="0">
  <testcase classname="com.iNetBanking.testCases.TC_AddCustomer_003" name="addNewCustomer" time="49.686"/>
  <system-out/>
</testsuite> <!-- com.iNetBanking.testCases.TC_AddCustomer_003 -->
