<?xml version="1.0" encoding="UTF-8"?>
<!-- Generated by org.testng.reporters.JUnitReportReporter -->
<testsuite hostname="DESKTOP-T88O8S2" failures="0" tests="1" name="com.iNetBanking.testCases.TC_AddCustomer_003" time="20.792" errors="0" timestamp="2022-07-28T15:41:06 IST" skipped="0">
  <testcase classname="com.iNetBanking.testCases.TC_AddCustomer_003" name="addNewCustomer" time="20.792"/>
  <system-out/>
</testsuite> <!-- com.iNetBanking.testCases.TC_AddCustomer_003 -->
